# JRE version: OpenJDK Runtime Environment (8.0_76-b03) (build 1.8.0_76-release-b03)
# Java VM: OpenJDK 64-Bit Server VM (25.76-b03 mixed mode windows-amd64 compressed oops)
Heap:
 PSYoungGen      total 37376K, used 24668K [0x00000000e0000000, 0x00000000e3780000, 0x0000000100000000)
  eden space 27136K, 82% used [0x00000000e0000000,0x00000000e15c5e40,0x00000000e1a80000)
  from space 10240K, 23% used [0x00000000e1a80000,0x00000000e1cd1530,0x00000000e2480000)
  to   space 10752K, 0% used [0x00000000e2d00000,0x00000000e2d00000,0x00000000e3780000)
 ParOldGen       total 41472K, used 15332K [0x00000000a0000000, 0x00000000a2880000, 0x00000000e0000000)
  object space 41472K, 36% used [0x00000000a0000000,0x00000000a0ef9250,0x00000000a2880000)
 Metaspace       used 37525K, capacity 38212K, committed 38616K, reserved 1083392K
  class space    used 5048K, capacity 5268K, committed 5336K, reserved 1048576K
GC Heap History (10 events):
Event: 43.795 GC heap before
{Heap before GC invocations=11 (full 1):
 PSYoungGen      total 36864K, used 35409K [0x00000000e0000000, 0x00000000e2e00000, 0x0000000100000000)
  eden space 27648K, 100% used [0x00000000e0000000,0x00000000e1b00000,0x00000000e1b00000)
  from space 9216K, 84% used [0x00000000e1b80000,0x00000000e2314518,0x00000000e2480000)
  to   space 9728K, 0% used [0x00000000e2480000,0x00000000e2480000,0x00000000e2e00000)
 ParOldGen       total 41472K, used 6912K [0x00000000a0000000, 0x00000000a2880000, 0x00000000e0000000)
  object space 41472K, 16% used [0x00000000a0000000,0x00000000a06c01b0,0x00000000a2880000)
 Metaspace       used 30533K, capacity 31132K, committed 31232K, reserved 1077248K
  class space    used 4149K, capacity 4333K, committed 4352K, reserved 1048576K
Event: 43.809 GC heap after
Heap after GC invocations=11 (full 1):
 PSYoungGen      total 36352K, used 6656K [0x00000000e0000000, 0x00000000e2d80000, 0x0000000100000000)
  eden space 27136K, 0% used [0x00000000e0000000,0x00000000e0000000,0x00000000e1a80000)
  from space 9216K, 72% used [0x00000000e2480000,0x00000000e2b00030,0x00000000e2d80000)
  to   space 9728K, 0% used [0x00000000e1a80000,0x00000000e1a80000,0x00000000e2400000)
 ParOldGen       total 41472K, used 6920K [0x00000000a0000000, 0x00000000a2880000, 0x00000000e0000000)
  object space 41472K, 16% used [0x00000000a0000000,0x00000000a06c21b0,0x00000000a2880000)
 Metaspace       used 30533K, capacity 31132K, committed 31232K, reserved 1077248K
  class space    used 4149K, capacity 4333K, committed 4352K, reserved 1048576K
}
Event: 59.742 GC heap before
{Heap before GC invocations=12 (full 1):
 PSYoungGen      total 36352K, used 33792K [0x00000000e0000000, 0x00000000e2d80000, 0x0000000100000000)
  eden space 27136K, 100% used [0x00000000e0000000,0x00000000e1a80000,0x00000000e1a80000)
  from space 9216K, 72% used [0x00000000e2480000,0x00000000e2b00030,0x00000000e2d80000)
  to   space 9728K, 0% used [0x00000000e1a80000,0x00000000e1a80000,0x00000000e2400000)
 ParOldGen       total 41472K, used 6920K [0x00000000a0000000, 0x00000000a2880000, 0x00000000e0000000)
  object space 41472K, 16% used [0x00000000a0000000,0x00000000a06c21b0,0x00000000a2880000)
 Metaspace       used 33234K, capacity 33844K, committed 34176K, reserved 1079296K
  class space    used 4501K, capacity 4727K, committed 4736K, reserved 1048576K
Event: 59.765 GC heap after
Heap after GC invocations=12 (full 1):
 PSYoungGen      total 36352K, used 9698K [0x00000000e0000000, 0x00000000e2f00000, 0x0000000100000000)
  eden space 26624K, 0% used [0x00000000e0000000,0x00000000e0000000,0x00000000e1a00000)
  from space 9728K, 99% used [0x00000000e1a80000,0x00000000e23f8a10,0x00000000e2400000)
  to   space 10752K, 0% used [0x00000000e2480000,0x00000000e2480000,0x00000000e2f00000)
 ParOldGen       total 41472K, used 7052K [0x00000000a0000000, 0x00000000a2880000, 0x00000000e0000000)
  object space 41472K, 17% used [0x00000000a0000000,0x00000000a06e31e8,0x00000000a2880000)
 Metaspace       used 33234K, capacity 33844K, committed 34176K, reserved 1079296K
  class space    used 4501K, capacity 4727K, committed 4736K, reserved 1048576K
}
Event: 61.623 GC heap before
{Heap before GC invocations=13 (full 1):
 PSYoungGen      total 36352K, used 19190K [0x00000000e0000000, 0x00000000e2f00000, 0x0000000100000000)
  eden space 26624K, 35% used [0x00000000e0000000,0x00000000e0944e18,0x00000000e1a00000)
  from space 9728K, 99% used [0x00000000e1a80000,0x00000000e23f8a10,0x00000000e2400000)
  to   space 10752K, 0% used [0x00000000e2480000,0x00000000e2480000,0x00000000e2f00000)
 ParOldGen       total 41472K, used 7052K [0x00000000a0000000, 0x00000000a2880000, 0x00000000e0000000)
  object space 41472K, 17% used [0x00000000a0000000,0x00000000a06e31e8,0x00000000a2880000)
 Metaspace       used 34654K, capacity 35262K, committed 35416K, reserved 1079296K
  class space    used 4666K, capacity 4904K, committed 4952K, reserved 1048576K
Event: 61.644 GC heap after
Heap after GC invocations=13 (full 1):
 PSYoungGen      total 37888K, used 6640K [0x00000000e0000000, 0x00000000e3680000, 0x0000000100000000)
  eden space 27136K, 0% used [0x00000000e0000000,0x00000000e0000000,0x00000000e1a80000)
  from space 10752K, 61% used [0x00000000e2480000,0x00000000e2afc158,0x00000000e2f00000)
  to   space 10240K, 0% used [0x00000000e1a80000,0x00000000e1a80000,0x00000000e2480000)
 ParOldGen       total 41472K, used 9696K [0x00000000a0000000, 0x00000000a2880000, 0x00000000e0000000)
  object space 41472K, 23% used [0x00000000a0000000,0x00000000a0978248,0x00000000a2880000)
 Metaspace       used 34654K, capacity 35262K, committed 35416K, reserved 1079296K
  class space    used 4666K, capacity 4904K, committed 4952K, reserved 1048576K
}
Event: 61.644 GC heap before
{Heap before GC invocations=14 (full 2):
 PSYoungGen      total 37888K, used 6640K [0x00000000e0000000, 0x00000000e3680000, 0x0000000100000000)
  eden space 27136K, 0% used [0x00000000e0000000,0x00000000e0000000,0x00000000e1a80000)
  from space 10752K, 61% used [0x00000000e2480000,0x00000000e2afc158,0x00000000e2f00000)
  to   space 10240K, 0% used [0x00000000e1a80000,0x00000000e1a80000,0x00000000e2480000)
 ParOldGen       total 41472K, used 9696K [0x00000000a0000000, 0x00000000a2880000, 0x00000000e0000000)
  object space 41472K, 23% used [0x00000000a0000000,0x00000000a0978248,0x00000000a2880000)
 Metaspace       used 34654K, capacity 35262K, committed 35416K, reserved 1079296K
  class space    used 4666K, capacity 4904K, committed 4952K, reserved 1048576K
Event: 61.880 GC heap after
Heap after GC invocations=14 (full 2):
 PSYoungGen      total 37888K, used 0K [0x00000000e0000000, 0x00000000e3680000, 0x0000000100000000)
  eden space 27136K, 0% used [0x00000000e0000000,0x00000000e0000000,0x00000000e1a80000)
  from space 10752K, 0% used [0x00000000e2480000,0x00000000e2480000,0x00000000e2f00000)
  to   space 10240K, 0% used [0x00000000e1a80000,0x00000000e1a80000,0x00000000e2480000)
 ParOldGen       total 41472K, used 15324K [0x00000000a0000000, 0x00000000a2880000, 0x00000000e0000000)
  object space 41472K, 36% used [0x00000000a0000000,0x00000000a0ef7250,0x00000000a2880000)
 Metaspace       used 34654K, capacity 35262K, committed 35416K, reserved 1079296K
  class space    used 4666K, capacity 4904K, committed 4952K, reserved 1048576K
}
Event: 64.397 GC heap before
{Heap before GC invocations=15 (full 2):
 PSYoungGen      total 37888K, used 27136K [0x00000000e0000000, 0x00000000e3680000, 0x0000000100000000)
  eden space 27136K, 100% used [0x00000000e0000000,0x00000000e1a80000,0x00000000e1a80000)
  from space 10752K, 0% used [0x00000000e2480000,0x00000000e2480000,0x00000000e2f00000)
  to   space 10240K, 0% used [0x00000000e1a80000,0x00000000e1a80000,0x00000000e2480000)
 ParOldGen       total 41472K, used 15324K [0x00000000a0000000, 0x00000000a2880000, 0x00000000e0000000)
  object space 41472K, 36% used [0x00000000a0000000,0x00000000a0ef7250,0x00000000a2880000)
 Metaspace       used 36853K, capacity 37560K, committed 37720K, reserved 1081344K
  class space    used 4959K, capacity 5202K, committed 5208K, reserved 1048576K
Event: 64.410 GC heap after
Heap after GC invocations=15 (full 2):
 PSYoungGen      total 37376K, used 2373K [0x00000000e0000000, 0x00000000e3780000, 0x0000000100000000)
  eden space 27136K, 0% used [0x00000000e0000000,0x00000000e0000000,0x00000000e1a80000)
  from space 10240K, 23% used [0x00000000e1a80000,0x00000000e1cd1530,0x00000000e2480000)
  to   space 10752K, 0% used [0x00000000e2d00000,0x00000000e2d00000,0x00000000e3780000)
 ParOldGen       total 41472K, used 15332K [0x00000000a0000000, 0x00000000a2880000, 0x00000000e0000000)
  object space 41472K, 36% used [0x00000000a0000000,0x00000000a0ef9250,0x00000000a2880000)
 Metaspace       used 36853K, capacity 37560K, committed 37720K, reserved 1081344K
  class space    used 4959K, capacity 5202K, committed 5208K, reserved 1048576K
}

