# JRE version: OpenJDK Runtime Environment (8.0_76-b03) (build 1.8.0_76-release-b03)
# Java VM: OpenJDK 64-Bit Server VM (25.76-b03 mixed mode windows-amd64 compressed oops)
Heap:
 PSYoungGen      total 48128K, used 42058K [0x00000000e0000000, 0x00000000e4580000, 0x0000000100000000)
  eden space 38912K, 89% used [0x00000000e0000000,0x00000000e2231920,0x00000000e2600000)
  from space 9216K, 76% used [0x00000000e2600000,0x00000000e2ce0f38,0x00000000e2f00000)
  to   space 9216K, 0% used [0x00000000e3c80000,0x00000000e3c80000,0x00000000e4580000)
 ParOldGen       total 53760K, used 9400K [0x00000000a0000000, 0x00000000a3480000, 0x00000000e0000000)
  object space 53760K, 17% used [0x00000000a0000000,0x00000000a092e058,0x00000000a3480000)
 Metaspace       used 33422K, capacity 34100K, committed 34432K, reserved 1079296K
  class space    used 4470K, capacity 4670K, committed 4736K, reserved 1048576K
GC Heap History (10 events):
Event: 13.788 GC heap before
{Heap before GC invocations=6 (full 1):
 PSYoungGen      total 34816K, used 4596K [0x00000000e0000000, 0x00000000e2680000, 0x0000000100000000)
  eden space 30208K, 0% used [0x00000000e0000000,0x00000000e0000000,0x00000000e1d80000)
  from space 4608K, 99% used [0x00000000e1d80000,0x00000000e21fd040,0x00000000e2200000)
  to   space 4608K, 0% used [0x00000000e2200000,0x00000000e2200000,0x00000000e2680000)
 ParOldGen       total 79360K, used 8890K [0x00000000a0000000, 0x00000000a4d80000, 0x00000000e0000000)
  object space 79360K, 11% used [0x00000000a0000000,0x00000000a08ae888,0x00000000a4d80000)
 Metaspace       used 20732K, capacity 21106K, committed 21248K, reserved 1067008K
  class space    used 2865K, capacity 3032K, committed 3072K, reserved 1048576K
Event: 13.936 GC heap after
Heap after GC invocations=6 (full 1):
 PSYoungGen      total 34816K, used 0K [0x00000000e0000000, 0x00000000e2680000, 0x0000000100000000)
  eden space 30208K, 0% used [0x00000000e0000000,0x00000000e0000000,0x00000000e1d80000)
  from space 4608K, 0% used [0x00000000e1d80000,0x00000000e1d80000,0x00000000e2200000)
  to   space 4608K, 0% used [0x00000000e2200000,0x00000000e2200000,0x00000000e2680000)
 ParOldGen       total 53760K, used 7319K [0x00000000a0000000, 0x00000000a3480000, 0x00000000e0000000)
  object space 53760K, 13% used [0x00000000a0000000,0x00000000a0725ed8,0x00000000a3480000)
 Metaspace       used 20732K, capacity 21106K, committed 21248K, reserved 1067008K
  class space    used 2865K, capacity 3032K, committed 3072K, reserved 1048576K
}
Event: 17.416 GC heap before
{Heap before GC invocations=7 (full 1):
 PSYoungGen      total 34816K, used 30208K [0x00000000e0000000, 0x00000000e2680000, 0x0000000100000000)
  eden space 30208K, 100% used [0x00000000e0000000,0x00000000e1d80000,0x00000000e1d80000)
  from space 4608K, 0% used [0x00000000e1d80000,0x00000000e1d80000,0x00000000e2200000)
  to   space 4608K, 0% used [0x00000000e2200000,0x00000000e2200000,0x00000000e2680000)
 ParOldGen       total 53760K, used 7319K [0x00000000a0000000, 0x00000000a3480000, 0x00000000e0000000)
  object space 53760K, 13% used [0x00000000a0000000,0x00000000a0725ed8,0x00000000a3480000)
 Metaspace       used 24654K, capacity 25116K, committed 25472K, reserved 1071104K
  class space    used 3243K, capacity 3424K, committed 3456K, reserved 1048576K
Event: 17.430 GC heap after
Heap after GC invocations=7 (full 1):
 PSYoungGen      total 29696K, used 4427K [0x00000000e0000000, 0x00000000e4200000, 0x0000000100000000)
  eden space 25088K, 0% used [0x00000000e0000000,0x00000000e0000000,0x00000000e1880000)
  from space 4608K, 96% used [0x00000000e2200000,0x00000000e2652e80,0x00000000e2680000)
  to   space 9728K, 0% used [0x00000000e1880000,0x00000000e1880000,0x00000000e2200000)
 ParOldGen       total 53760K, used 7327K [0x00000000a0000000, 0x00000000a3480000, 0x00000000e0000000)
  object space 53760K, 13% used [0x00000000a0000000,0x00000000a0727ed8,0x00000000a3480000)
 Metaspace       used 24654K, capacity 25116K, committed 25472K, reserved 1071104K
  class space    used 3243K, capacity 3424K, committed 3456K, reserved 1048576K
}
Event: 20.004 GC heap before
{Heap before GC invocations=8 (full 1):
 PSYoungGen      total 29696K, used 29515K [0x00000000e0000000, 0x00000000e4200000, 0x0000000100000000)
  eden space 25088K, 100% used [0x00000000e0000000,0x00000000e1880000,0x00000000e1880000)
  from space 4608K, 96% used [0x00000000e2200000,0x00000000e2652e80,0x00000000e2680000)
  to   space 9728K, 0% used [0x00000000e1880000,0x00000000e1880000,0x00000000e2200000)
 ParOldGen       total 53760K, used 7327K [0x00000000a0000000, 0x00000000a3480000, 0x00000000e0000000)
  object space 53760K, 13% used [0x00000000a0000000,0x00000000a0727ed8,0x00000000a3480000)
 Metaspace       used 26651K, capacity 27136K, committed 27264K, reserved 1073152K
  class space    used 3515K, capacity 3656K, committed 3712K, reserved 1048576K
Event: 20.021 GC heap after
Heap after GC invocations=8 (full 1):
 PSYoungGen      total 34816K, used 5830K [0x00000000e0000000, 0x00000000e3800000, 0x0000000100000000)
  eden space 25088K, 0% used [0x00000000e0000000,0x00000000e0000000,0x00000000e1880000)
  from space 9728K, 59% used [0x00000000e1880000,0x00000000e1e31958,0x00000000e2200000)
  to   space 9216K, 0% used [0x00000000e2f00000,0x00000000e2f00000,0x00000000e3800000)
 ParOldGen       total 53760K, used 7335K [0x00000000a0000000, 0x00000000a3480000, 0x00000000e0000000)
  object space 53760K, 13% used [0x00000000a0000000,0x00000000a0729ed8,0x00000000a3480000)
 Metaspace       used 26651K, capacity 27136K, committed 27264K, reserved 1073152K
  class space    used 3515K, capacity 3656K, committed 3712K, reserved 1048576K
}
Event: 20.849 GC heap before
{Heap before GC invocations=9 (full 1):
 PSYoungGen      total 34816K, used 30918K [0x00000000e0000000, 0x00000000e3800000, 0x0000000100000000)
  eden space 25088K, 100% used [0x00000000e0000000,0x00000000e1880000,0x00000000e1880000)
  from space 9728K, 59% used [0x00000000e1880000,0x00000000e1e31958,0x00000000e2200000)
  to   space 9216K, 0% used [0x00000000e2f00000,0x00000000e2f00000,0x00000000e3800000)
 ParOldGen       total 53760K, used 7335K [0x00000000a0000000, 0x00000000a3480000, 0x00000000e0000000)
  object space 53760K, 13% used [0x00000000a0000000,0x00000000a0729ed8,0x00000000a3480000)
 Metaspace       used 28292K, capacity 28866K, committed 29184K, reserved 1075200K
  class space    used 3822K, capacity 4017K, committed 4096K, reserved 1048576K
Event: 20.866 GC heap after
Heap after GC invocations=9 (full 1):
 PSYoungGen      total 48128K, used 7382K [0x00000000e0000000, 0x00000000e3900000, 0x0000000100000000)
  eden space 38912K, 0% used [0x00000000e0000000,0x00000000e0000000,0x00000000e2600000)
  from space 9216K, 80% used [0x00000000e2f00000,0x00000000e3635b20,0x00000000e3800000)
  to   space 9216K, 0% used [0x00000000e2600000,0x00000000e2600000,0x00000000e2f00000)
 ParOldGen       total 53760K, used 7343K [0x00000000a0000000, 0x00000000a3480000, 0x00000000e0000000)
  object space 53760K, 13% used [0x00000000a0000000,0x00000000a072bed8,0x00000000a3480000)
 Metaspace       used 28292K, capacity 28866K, committed 29184K, reserved 1075200K
  class space    used 3822K, capacity 4017K, committed 4096K, reserved 1048576K
}
Event: 22.228 GC heap before
{Heap before GC invocations=10 (full 1):
 PSYoungGen      total 48128K, used 46294K [0x00000000e0000000, 0x00000000e3900000, 0x0000000100000000)
  eden space 38912K, 100% used [0x00000000e0000000,0x00000000e2600000,0x00000000e2600000)
  from space 9216K, 80% used [0x00000000e2f00000,0x00000000e3635b20,0x00000000e3800000)
  to   space 9216K, 0% used [0x00000000e2600000,0x00000000e2600000,0x00000000e2f00000)
 ParOldGen       total 53760K, used 7343K [0x00000000a0000000, 0x00000000a3480000, 0x00000000e0000000)
  object space 53760K, 13% used [0x00000000a0000000,0x00000000a072bed8,0x00000000a3480000)
 Metaspace       used 30975K, capacity 31636K, committed 31872K, reserved 1077248K
  class space    used 4215K, capacity 4446K, committed 4480K, reserved 1048576K
Event: 22.249 GC heap after
Heap after GC invocations=10 (full 1):
 PSYoungGen      total 48128K, used 7043K [0x00000000e0000000, 0x00000000e4580000, 0x0000000100000000)
  eden space 38912K, 0% used [0x00000000e0000000,0x00000000e0000000,0x00000000e2600000)
  from space 9216K, 76% used [0x00000000e2600000,0x00000000e2ce0f38,0x00000000e2f00000)
  to   space 9216K, 0% used [0x00000000e3c80000,0x00000000e3c80000,0x00000000e4580000)
 ParOldGen       total 53760K, used 9400K [0x00000000a0000000, 0x00000000a3480000, 0x00000000e0000000)
  object space 53760K, 17% used [0x00000000a0000000,0x00000000a092e058,0x00000000a3480000)
 Metaspace       used 30975K, capacity 31636K, committed 31872K, reserved 1077248K
  class space    used 4215K, capacity 4446K, committed 4480K, reserved 1048576K
}

